#
# There is insufficient memory for the Java Runtime Environment to continue.
# Native memory allocation (mmap) failed to map 402653184 bytes. Error detail: G1 virtual space
# Possible reasons:
#   The system is out of physical RAM or swap space
#   This process is running with CompressedOops enabled, and the Java Heap may be blocking the growth of the native heap
# Possible solutions:
#   Reduce memory load on the system
#   Increase physical memory or swap space
#   Check if swap backing store is full
#   Decrease Java heap size (-Xmx/-Xms)
#   Decrease number of Java threads
#   Decrease Java thread stack sizes (-Xss)
#   Set larger code cache with -XX:ReservedCodeCacheSize=
#   JVM is running with Zero Based Compressed Oops mode in which the Java heap is
#     placed in the first 32GB address space. The Java Heap base address is the
#     maximum limit for the native heap growth. Please use -XX:HeapBaseMinAddress
#     to set the Java Heap base and to place the Java Heap above 32GB virtual address.
# This output file may be truncated or incomplete.
#
#  Out of Memory Error (os_windows.cpp:3898), pid=24060, tid=25584
#
# JRE version:  (21.0.6+9) (build )
# Java VM: OpenJDK 64-Bit Server VM (21.0.6+9-b895.109, mixed mode, sharing, tiered, compressed oops, compressed class ptrs, g1 gc, windows-amd64)
# No core dump will be written. Minidumps are not enabled by default on client versions of Windows
#

---------------  S U M M A R Y ------------

Command Line: git4idea.http.GitAskPassApp Username for 'https://github.com': 

Host: AMD Ryzen 5 5600 6-Core Processor              , 12 cores, 23G,  Windows 11 , 64 bit Build 22621 (10.0.22621.5262)
Time: Mon May 26 19:16:02 2025 E. South America Standard Time elapsed time: 0.033523 seconds (0d 0h 0m 0s)

---------------  T H R E A D  ---------------

Current thread (0x000001fe54c6f470):  JavaThread "Unknown thread" [_thread_in_vm, id=25584, stack(0x0000003139500000,0x0000003139600000) (1024K)]

Stack: [0x0000003139500000,0x0000003139600000]
Native frames: (J=compiled Java code, j=interpreted, Vv=VM code, C=native code)
V  [jvm.dll+0x6e5cb9]
V  [jvm.dll+0x8c4113]
V  [jvm.dll+0x8c666e]
V  [jvm.dll+0x8c6d53]
V  [jvm.dll+0x288f76]
V  [jvm.dll+0x6e2575]
V  [jvm.dll+0x6d602a]
V  [jvm.dll+0x3635db]
V  [jvm.dll+0x36b1a6]
V  [jvm.dll+0x3bd4f6]
V  [jvm.dll+0x3bd7c8]
V  [jvm.dll+0x335d2c]
V  [jvm.dll+0x336a1b]
V  [jvm.dll+0x88b569]
V  [jvm.dll+0x3ca6c8]
V  [jvm.dll+0x8745b8]
V  [jvm.dll+0x45f0de]
V  [jvm.dll+0x460dc1]
C  [jli.dll+0x52ab]
C  [ucrtbase.dll+0x29333]
C  [KERNEL32.DLL+0x1259d]
C  [ntdll.dll+0x5af58]


---------------  P R O C E S S  ---------------

Threads class SMR info:
_java_thread_list=0x00007ffa5b2ba148, length=0, elements={
}

Java Threads: ( => current thread )
Total: 0

Other Threads:
  0x000001fe54cf0aa0 WorkerThread "GC Thread#0"                     [id=24836, stack(0x0000003139600000,0x0000003139700000) (1024K)]
  0x000001fe54cfdbb0 ConcurrentGCThread "G1 Main Marker"            [id=5492, stack(0x0000003139700000,0x0000003139800000) (1024K)]
  0x000001fe54d00260 WorkerThread "G1 Conc#0"                       [id=24952, stack(0x0000003139800000,0x0000003139900000) (1024K)]

[error occurred during error reporting (printing all threads), id 0xc0000005, EXCEPTION_ACCESS_VIOLATION (0xc0000005) at pc=0x00007ffa5a9a8e07]
VM state: not at safepoint (not fully initialized)

VM Mutex/Monitor currently owned by a thread:  ([mutex/lock_event])
[0x00007ffa5b32eb30] Heap_lock - owner thread: 0x000001fe54c6f470

Heap address: 0x0000000681000000, size: 6128 MB, Compressed Oops mode: Zero based, Oop shift amount: 3

CDS archive(s) mapped at: [0x0000000000000000-0x0000000000000000-0x0000000000000000), size 0, SharedBaseAddress: 0x0000000800000000, ArchiveRelocationMode: 1.
Narrow klass base: 0x0000000000000000, Narrow klass shift: 0, Narrow klass range: 0x0

GC Precious Log:
 CardTable entry size: 512
 Card Set container configuration: InlinePtr #cards 4 size 8 Array Of Cards #cards 32 size 80 Howl #buckets 8 coarsen threshold 7372 Howl Bitmap #cards 1024 size 144 coarsen threshold 921 Card regions per heap region 1 cards per card region 8192

Heap:
 garbage-first heap   total 0K, used 0K [0x0000000681000000, 0x0000000800000000)
  region size 4096K, 0 young (0K), 0 survivors (0K)
 Metaspace       used 0K, committed 0K, reserved 0K
  class space    used 0K, committed 0K, reserved 0K

Heap Regions: E=young(eden), S=young(survivor), O=old, HS=humongous(starts), HC=humongous(continues), CS=collection set, F=free, TAMS=top-at-mark-start, PB=parsable bottom

Card table byte_map: [0x000001fe68df0000,0x000001fe699f0000] _byte_map_base: 0x000001fe659e8000

Marking Bits: (CMBitMap*) 0x000001fe54cf11a0
 Bits: [0x000001fe699f0000, 0x000001fe6f9b0000)

GC Heap History (0 events):
No events

Dll operation events (1 events):
Event: 0.011 Loaded shared library L:\IntelliJ IDEA Community Edition 2025.1\jbr\bin\java.dll

Deoptimization events (0 events):
No events

Classes loaded (0 events):
No events

Classes unloaded (0 events):
No events

Classes redefined (0 events):
No events

Internal exceptions (0 events):
No events

ZGC Phase Switch (0 events):
No events

VM Operations (0 events):
No events

Memory protections (0 events):
No events

Nmethod flushes (0 events):
No events

Events (0 events):
No events


Dynamic libraries:
0x00007ff61ad00000 - 0x00007ff61ad0a000 	L:\IntelliJ IDEA Community Edition 2025.1\jbr\bin\java.exe
0x00007ffafa4d0000 - 0x00007ffafa6e7000 	C:\Windows\SYSTEM32\ntdll.dll
0x00007ffaf99d0000 - 0x00007ffaf9a94000 	C:\Windows\System32\KERNEL32.DLL
0x00007ffaf7820000 - 0x00007ffaf7bf3000 	C:\Windows\System32\KERNELBASE.dll
0x00007ffaf7d60000 - 0x00007ffaf7e71000 	C:\Windows\System32\ucrtbase.dll
0x00007ffaf4730000 - 0x00007ffaf474b000 	L:\IntelliJ IDEA Community Edition 2025.1\jbr\bin\VCRUNTIME140.dll
0x00007ffacd4a0000 - 0x00007ffacd4b8000 	L:\IntelliJ IDEA Community Edition 2025.1\jbr\bin\jli.dll
0x00007ffaf8160000 - 0x00007ffaf8311000 	C:\Windows\System32\USER32.dll
0x00007ffae8b00000 - 0x00007ffae8d9b000 	C:\Windows\WinSxS\amd64_microsoft.windows.common-controls_6595b64144ccf1df_6.0.22621.5262_none_2712bde373830908\COMCTL32.dll
0x00007ffaf8130000 - 0x00007ffaf8156000 	C:\Windows\System32\win32u.dll
0x00007ffaf94a0000 - 0x00007ffaf9547000 	C:\Windows\System32\msvcrt.dll
0x00007ffaf85e0000 - 0x00007ffaf8609000 	C:\Windows\System32\GDI32.dll
0x00007ffaf75c0000 - 0x00007ffaf76e2000 	C:\Windows\System32\gdi32full.dll
0x00007ffaf7cc0000 - 0x00007ffaf7d5a000 	C:\Windows\System32\msvcp_win.dll
0x00007ffaf8ac0000 - 0x00007ffaf8af1000 	C:\Windows\System32\IMM32.DLL
0x00007ffaf4720000 - 0x00007ffaf472c000 	L:\IntelliJ IDEA Community Edition 2025.1\jbr\bin\vcruntime140_1.dll
0x00007ffaa6ab0000 - 0x00007ffaa6b3d000 	L:\IntelliJ IDEA Community Edition 2025.1\jbr\bin\msvcp140.dll
0x00007ffa5a660000 - 0x00007ffa5b421000 	L:\IntelliJ IDEA Community Edition 2025.1\jbr\bin\server\jvm.dll
0x00007ffaf8b80000 - 0x00007ffaf8c31000 	C:\Windows\System32\ADVAPI32.dll
0x00007ffaf9aa0000 - 0x00007ffaf9b47000 	C:\Windows\System32\sechost.dll
0x00007ffaf77f0000 - 0x00007ffaf7818000 	C:\Windows\System32\bcrypt.dll
0x00007ffaf8e60000 - 0x00007ffaf8f74000 	C:\Windows\System32\RPCRT4.dll
0x00007ffaf8b00000 - 0x00007ffaf8b71000 	C:\Windows\System32\WS2_32.dll
0x00007ffaf6ad0000 - 0x00007ffaf6b1d000 	C:\Windows\SYSTEM32\POWRPROF.dll
0x00007ffaeff00000 - 0x00007ffaeff34000 	C:\Windows\SYSTEM32\WINMM.dll
0x00007ffaf4330000 - 0x00007ffaf433a000 	C:\Windows\SYSTEM32\VERSION.dll
0x00007ffaf6a10000 - 0x00007ffaf6a23000 	C:\Windows\SYSTEM32\UMPDC.dll
0x00007ffaf6560000 - 0x00007ffaf6578000 	C:\Windows\SYSTEM32\kernel.appcore.dll
0x00007ffaeba30000 - 0x00007ffaeba3a000 	L:\IntelliJ IDEA Community Edition 2025.1\jbr\bin\jimage.dll
0x00007ffaee2d0000 - 0x00007ffaee502000 	C:\Windows\SYSTEM32\DBGHELP.DLL
0x00007ffaf9090000 - 0x00007ffaf9423000 	C:\Windows\System32\combase.dll
0x00007ffaf8980000 - 0x00007ffaf8a57000 	C:\Windows\System32\OLEAUT32.dll
0x00007ffad8810000 - 0x00007ffad8842000 	C:\Windows\SYSTEM32\dbgcore.DLL
0x00007ffaf7770000 - 0x00007ffaf77eb000 	C:\Windows\System32\bcryptPrimitives.dll
0x00007ffae9fb0000 - 0x00007ffae9fd0000 	L:\IntelliJ IDEA Community Edition 2025.1\jbr\bin\java.dll

dbghelp: loaded successfully - version: 4.0.5 - missing functions: none
symbol engine: initialized successfully - sym options: 0x614 - pdb path: .;L:\IntelliJ IDEA Community Edition 2025.1\jbr\bin;C:\Windows\SYSTEM32;C:\Windows\WinSxS\amd64_microsoft.windows.common-controls_6595b64144ccf1df_6.0.22621.5262_none_2712bde373830908;L:\IntelliJ IDEA Community Edition 2025.1\jbr\bin\server

VM Arguments:
java_command: git4idea.http.GitAskPassApp Username for 'https://github.com': 
java_class_path (initial): L:/IntelliJ IDEA Community Edition 2025.1/plugins/vcs-git/lib/git4idea-rt.jar;L:/IntelliJ IDEA Community Edition 2025.1/lib/externalProcess-rt.jar
Launcher Type: SUN_STANDARD

[Global flags]
     intx CICompilerCount                          = 4                                         {product} {ergonomic}
     uint ConcGCThreads                            = 3                                         {product} {ergonomic}
     uint G1ConcRefinementThreads                  = 10                                        {product} {ergonomic}
   size_t G1HeapRegionSize                         = 4194304                                   {product} {ergonomic}
    uintx GCDrainStackTargetSize                   = 64                                        {product} {ergonomic}
   size_t InitialHeapSize                          = 402653184                                 {product} {ergonomic}
   size_t MarkStackSize                            = 4194304                                   {product} {ergonomic}
   size_t MaxHeapSize                              = 6425673728                                {product} {ergonomic}
   size_t MinHeapDeltaBytes                        = 4194304                                   {product} {ergonomic}
   size_t MinHeapSize                              = 8388608                                   {product} {ergonomic}
    uintx NonNMethodCodeHeapSize                   = 5839372                                {pd product} {ergonomic}
    uintx NonProfiledCodeHeapSize                  = 122909434                              {pd product} {ergonomic}
    uintx ProfiledCodeHeapSize                     = 122909434                              {pd product} {ergonomic}
    uintx ReservedCodeCacheSize                    = 251658240                              {pd product} {ergonomic}
     bool SegmentedCodeCache                       = true                                      {product} {ergonomic}
   size_t SoftMaxHeapSize                          = 6425673728                             {manageable} {ergonomic}
     bool UseCompressedOops                        = true                           {product lp64_product} {ergonomic}
     bool UseG1GC                                  = true                                      {product} {ergonomic}
     bool UseLargePagesIndividualAllocation        = false                                  {pd product} {ergonomic}

Logging:
Log output configuration:
 #0: stdout all=warning uptime,level,tags foldmultilines=false
 #1: stderr all=off uptime,level,tags foldmultilines=false

Environment Variables:
PATH=L:\Git\mingw64\libexec\git-core;L:\Git\mingw64\libexec\git-core;L:\Git\mingw64\bin;L:\Git\usr\bin;C:\Users\lucas\bin;C:\Program Files\Common Files\Oracle\Java\javapath;C:\Windows\system32;C:\Windows;C:\Windows\System32\Wbem;C:\Windows\System32\WindowsPowerShell\v1.0;C:\Windows\System32\OpenSSH;C:\Program Files (x86)\NVIDIA Corporation\PhysX\Common;L:\Git\cmd;C:\Program Files\NVIDIA Corporation\NVIDIA app\NvDLISR;C:\Program Files\nodejs;C:\ProgramData\chocolatey\bin;C:\Program Files\Docker\Docker\resources\bin;C:\Program Files\MySQL\MySQL Shell 8.0\bin;C:\Users\lucas\AppData\Local\Microsoft\WindowsApps;L:\PyCharm 2024.2.1\bin;L:\InteliJ\IntelliJ IDEA 2024.3.1\bin;C:\Users\lucas\AppData\Roaming\npm;C:\Users\lucas\AppData\Local\Programs\Microsoft VS Code\bin;C:\Users\lucas\Downloads\apache-maven-3.9.9-bin;L:\IntelliJ IDEA Community Edition 2025.1\bin
USERNAME=lucas
DISPLAY=:0.0
LC_ALL=en_US.UTF-8
TERM=xterm-256color
TMPDIR=C:\Users\lucas\AppData\Local\Temp
OS=Windows_NT
PROCESSOR_IDENTIFIER=AMD64 Family 25 Model 33 Stepping 2, AuthenticAMD
TMP=C:\Users\lucas\AppData\Local\Temp
TEMP=C:\Users\lucas\AppData\Local\Temp




Periodic native trim disabled

JNI global refs:
JNI global refs: 0, weak refs: 0

JNI global refs memory usage: 0, weak refs: 0

Process memory usage:
Resident Set Size: 12468K (0% of 25089276K total physical memory with 5163340K free physical memory)

OOME stack traces (most recent first):
Classloader memory used:

---------------  S Y S T E M  ---------------

OS:
 Windows 11 , 64 bit Build 22621 (10.0.22621.5262)
OS uptime: 2 days 0:36 hours
Hyper-V role detected

CPU: total 12 (initial active 12) (12 cores per cpu, 2 threads per core) family 25 model 33 stepping 2 microcode 0x0, cx8, cmov, fxsr, ht, mmx, 3dnowpref, sse, sse2, sse3, ssse3, sse4a, sse4.1, sse4.2, popcnt, lzcnt, tsc, tscinvbit, avx, avx2, aes, erms, clmul, bmi1, bmi2, adx, sha, fma, vzeroupper, clflush, clflushopt, hv, rdtscp, rdpid, fsrm, f16c, cet_ss
Processor Information for the first 12 processors :
  Max Mhz: 3501, Current Mhz: 3501, Mhz Limit: 3501

Memory: 4k page, system-wide physical 24501M (5042M free)
TotalPageFile size 31953M (AvailPageFile size 23M)
current process WorkingSet (physical memory assigned to process): 12M, peak: 12M
current process commit charge ("private bytes"): 64M, peak: 448M

vm_info: OpenJDK 64-Bit Server VM (21.0.6+9-b895.109) for windows-amd64 JRE (21.0.6+9-b895.109), built on 2025-03-26 by "builduser" with MS VC++ 16.10 / 16.11 (VS2019)

END.
